
Dec 03, 2022 21:22:38.262 NEW SESSION
Dec 03, 2022 21:22:38.262 Opening in existing browser session.
Dec 03, 2022 21:22:38.936 MESA-INTEL: warning: Performance support disabled, consider sysctl dev.i915.perf_stream_paranoid=0
Dec 03, 2022 21:22:38.936 

Dec 03, 2022 21:40:52.923 NEW SESSION
Dec 03, 2022 21:40:52.923 Opening in existing browser session.
Dec 03, 2022 21:40:53.409 MESA-INTEL: warning: Performance support disabled, consider sysctl dev.i915.perf_stream_paranoid=0
Dec 03, 2022 21:40:53.410 

Dec 04, 2022 10:06:44.789 NEW SESSION
Dec 04, 2022 10:06:44.790 Opening in existing browser session.
Dec 04, 2022 10:06:45.161 MESA-INTEL: warning: Performance support disabled, consider sysctl dev.i915.perf_stream_paranoid=0
Dec 04, 2022 10:06:45.161 

Dec 04, 2022 15:27:35.559 NEW SESSION
Dec 04, 2022 15:27:35.559 Opening in existing browser session.
Dec 04, 2022 15:27:36.222 MESA-INTEL: warning: Performance support disabled, consider sysctl dev.i915.perf_stream_paranoid=0
Dec 04, 2022 15:27:36.222 
Dec 04, 2022 15:27:36.472 MESA-INTEL: warning: Performance support disabled, consider sysctl dev.i915.perf_stream_paranoid=0
Dec 04, 2022 15:27:36.473 

Dec 04, 2022 16:31:48.50 NEW SESSION
Dec 04, 2022 16:31:48.50 Opening in existing browser session.
Dec 04, 2022 16:31:48.422 MESA-INTEL: warning: Performance support disabled, consider sysctl dev.i915.perf_stream_paranoid=0
Dec 04, 2022 16:31:48.422 
Dec 04, 2022 16:31:48.466 MESA-INTEL: warning: Performance support disabled, consider sysctl dev.i915.perf_stream_paranoid=0
Dec 04, 2022 16:31:48.466 

Dec 04, 2022 17:26:23.289 NEW SESSION
Dec 04, 2022 17:26:23.290 Opening in existing browser session.
Dec 04, 2022 17:26:23.780 MESA-INTEL: warning: Performance support disabled, consider sysctl dev.i915.perf_stream_paranoid=0
Dec 04, 2022 17:26:23.780 
Dec 04, 2022 17:31:14.178 Opening in existing browser session.
Dec 04, 2022 17:31:14.568 MESA-INTEL: warning: Performance support disabled, consider sysctl dev.i915.perf_stream_paranoid=0
Dec 04, 2022 17:31:14.568 
Dec 04, 2022 17:31:14.596 MESA-INTEL: warning: Performance support disabled, consider sysctl dev.i915.perf_stream_paranoid=0
Dec 04, 2022 17:31:14.597 
Dec 04, 2022 17:33:06.349 Opening in existing browser session.
Dec 04, 2022 17:33:06.796 MESA-INTEL: warning: Performance support disabled, consider sysctl dev.i915.perf_stream_paranoid=0
Dec 04, 2022 17:33:06.796 
Dec 04, 2022 17:33:06.826 MESA-INTEL: warning: Performance support disabled, consider sysctl dev.i915.perf_stream_paranoid=0
Dec 04, 2022 17:33:06.826 
Dec 04, 2022 18:06:04.324 Opening in existing browser session.
Dec 04, 2022 18:06:05.150 MESA-INTEL: warning: Performance support disabled, consider sysctl dev.i915.perf_stream_paranoid=0
Dec 04, 2022 18:06:05.150 
Dec 04, 2022 18:10:23.47 Opening in existing browser session.
Dec 04, 2022 18:10:23.644 MESA-INTEL: warning: Performance support disabled, consider sysctl dev.i915.perf_stream_paranoid=0
Dec 04, 2022 18:10:23.645 
Dec 04, 2022 18:10:23.683 MESA-INTEL: warning: Performance support disabled, consider sysctl dev.i915.perf_stream_paranoid=0
Dec 04, 2022 18:10:23.683 

Dec 17, 2022 12:40:24.334 NEW SESSION
Dec 17, 2022 12:40:24.334 MESA-INTEL: warning: Performance support disabled, consider sysctl dev.i915.perf_stream_paranoid=0
Dec 17, 2022 12:40:24.385 
Dec 17, 2022 12:40:24.464 MESA-INTEL: warning: Performance support disabled, consider sysctl dev.i915.perf_stream_paranoid=0
Dec 17, 2022 12:40:24.464 
Dec 17, 2022 12:40:24.973 [3597:3597:1217/124024.973662:ERROR:gl_utils.cc(319)] [.RendererMainThread-0x352c00386300]GL Driver Message (OpenGL, Performance, GL_CLOSE_PATH_NV, High): GPU stall due to ReadPixels
Dec 17, 2022 12:40:24.990 [3597:3597:1217/124024.990071:ERROR:gl_utils.cc(319)] [.RendererMainThread-0x352c00386300]GL Driver Message (OpenGL, Performance, GL_CLOSE_PATH_NV, High): GPU stall due to ReadPixels

Jan 09, 2023 20:53:51.476 NEW SESSION
Jan 09, 2023 20:53:51.476 Opening in existing browser session.
Jan 09, 2023 20:53:51.814 MESA-INTEL: warning: Performance support disabled, consider sysctl dev.i915.perf_stream_paranoid=0
Jan 09, 2023 20:53:51.814 
Jan 09, 2023 20:53:51.852 MESA-INTEL: warning: Performance support disabled, consider sysctl dev.i915.perf_stream_paranoid=0
Jan 09, 2023 20:53:51.852 

Jan 29, 2023 22:26:32.912 NEW SESSION
Jan 29, 2023 22:26:32.913 MESA-INTEL: warning: Performance support disabled, consider sysctl dev.i915.perf_stream_paranoid=0
Jan 29, 2023 22:26:32.926 
Jan 29, 2023 22:26:33.708 MESA-INTEL: warning: Performance support disabled, consider sysctl dev.i915.perf_stream_paranoid=0
Jan 29, 2023 22:26:33.708 
Jan 29, 2023 22:26:57.890 [4366:4366:0129/222657.889977:ERROR:gl_utils.cc(400)] [.RendererMainThread-0x1000a73f00]GL Driver Message (OpenGL, Performance, GL_CLOSE_PATH_NV, High): GPU stall due to ReadPixels
Jan 29, 2023 22:26:58.43 [4366:4366:0129/222658.042571:ERROR:gl_utils.cc(400)] [.RendererMainThread-0x1000a73f00]GL Driver Message (OpenGL, Performance, GL_CLOSE_PATH_NV, High): GPU stall due to ReadPixels
Jan 29, 2023 22:26:59.372 [4366:4366:0129/222659.372572:ERROR:gl_utils.cc(400)] [.RendererMainThread-0x1000a73f00]GL Driver Message (OpenGL, Performance, GL_CLOSE_PATH_NV, High): GPU stall due to ReadPixels
Jan 29, 2023 22:26:59.374 [4366:4366:0129/222659.374243:ERROR:gl_utils.cc(400)] [.RendererMainThread-0x1000a73f00]GL Driver Message (OpenGL, Performance, GL_CLOSE_PATH_NV, High): GPU stall due to ReadPixels (this message will no longer repeat)
Jan 29, 2023 22:37:47.871 [4366:4366:0129/223747.871180:ERROR:shared_image_manager.cc(202)] SharedImageManager::ProduceSkia: Trying to Produce a Skia representation from a non-existent mailbox.
Jan 29, 2023 22:37:47.872 [4366:4366:0129/223747.871526:ERROR:shared_image_manager.cc(202)] SharedImageManager::ProduceSkia: Trying to Produce a Skia representation from a non-existent mailbox.
Jan 29, 2023 22:37:48.970 [4366:4366:0129/223748.970159:ERROR:shared_image_manager.cc(202)] SharedImageManager::ProduceSkia: Trying to Produce a Skia representation from a non-existent mailbox.
Jan 29, 2023 22:37:48.970 [4366:4366:0129/223748.970305:ERROR:shared_image_manager.cc(202)] SharedImageManager::ProduceSkia: Trying to Produce a Skia representation from a non-existent mailbox.

Feb 09, 2023 21:08:51.928 NEW SESSION
Feb 09, 2023 21:08:51.928 Opening in existing browser session.
Feb 09, 2023 21:08:52.517 MESA-INTEL: warning: Performance support disabled, consider sysctl dev.i915.perf_stream_paranoid=0
Feb 09, 2023 21:08:52.518 
Feb 09, 2023 21:18:07.160 Opening in existing browser session.
Feb 09, 2023 21:18:07.610 MESA-INTEL: warning: Performance support disabled, consider sysctl dev.i915.perf_stream_paranoid=0
Feb 09, 2023 21:18:07.610 
Feb 09, 2023 21:33:00.256 Opening in existing browser session.
Feb 09, 2023 21:33:00.829 MESA-INTEL: warning: Performance support disabled, consider sysctl dev.i915.perf_stream_paranoid=0
Feb 09, 2023 21:33:00.829 
Feb 09, 2023 21:35:17.924 Opening in existing browser session.
Feb 09, 2023 21:35:17.947 MESA-INTEL: warning: Performance support disabled, consider sysctl dev.i915.perf_stream_paranoid=0
Feb 09, 2023 21:35:17.947 

Feb 11, 2023 11:50:11.08 NEW SESSION
Feb 11, 2023 11:50:11.09 Opening in existing browser session.
Feb 11, 2023 11:50:11.997 MESA-INTEL: warning: Performance support disabled, consider sysctl dev.i915.perf_stream_paranoid=0
Feb 11, 2023 11:50:11.997 
Feb 11, 2023 12:37:45.73 Opening in existing browser session.
Feb 11, 2023 12:37:46.379 MESA-INTEL: warning: Performance support disabled, consider sysctl dev.i915.perf_stream_paranoid=0
Feb 11, 2023 12:37:46.379 
Feb 11, 2023 12:41:20.911 Opening in existing browser session.
Feb 11, 2023 12:41:21.407 MESA-INTEL: warning: Performance support disabled, consider sysctl dev.i915.perf_stream_paranoid=0
Feb 11, 2023 12:41:21.407 

Mar 24, 2023 10:49:00.431 NEW SESSION
Mar 24, 2023 10:49:00.431 Opening in existing browser session.
Mar 24, 2023 10:49:04.697 MESA-INTEL: warning: Performance support disabled, consider sysctl dev.i915.perf_stream_paranoid=0
Mar 24, 2023 10:49:04.698 

May 26, 2023 20:37:56.652 NEW SESSION
May 26, 2023 20:37:56.654 Opening in existing browser session.
May 26, 2023 20:37:56.722 Opening in existing browser session.
May 26, 2023 20:37:57.115 MESA-INTEL: warning: Performance support disabled, consider sysctl dev.i915.perf_stream_paranoid=0
May 26, 2023 20:37:57.116 
May 26, 2023 20:37:57.119 MESA-INTEL: warning: Performance support disabled, consider sysctl dev.i915.perf_stream_paranoid=0
May 26, 2023 20:37:57.119 
May 26, 2023 20:37:57.198 MESA-INTEL: warning: Performance support disabled, consider sysctl dev.i915.perf_stream_paranoid=0
May 26, 2023 20:37:57.198 

Jul 05, 2023 20:16:14.508 NEW SESSION
Jul 05, 2023 20:16:14.509 Opening in existing browser session.
Jul 05, 2023 20:16:23.420 MESA-INTEL: warning: Performance support disabled, consider sysctl dev.i915.perf_stream_paranoid=0
Jul 05, 2023 20:16:23.420 
Jul 06, 2023 08:21:46.431 MESA-INTEL: warning: Performance support disabled, consider sysctl dev.i915.perf_stream_paranoid=0
Jul 06, 2023 08:21:46.431 
Jul 06, 2023 08:21:46.439 Opening in existing browser session.
Jul 06, 2023 16:17:20.415 Opening in existing browser session.
Jul 06, 2023 16:17:20.901 MESA-INTEL: warning: Performance support disabled, consider sysctl dev.i915.perf_stream_paranoid=0
Jul 06, 2023 16:17:20.901 
Jul 06, 2023 16:40:25.690 Opening in existing browser session.
Jul 06, 2023 16:40:26.132 MESA-INTEL: warning: Performance support disabled, consider sysctl dev.i915.perf_stream_paranoid=0
Jul 06, 2023 16:40:26.132 
Jul 06, 2023 17:09:28.257 Opening in existing browser session.
Jul 06, 2023 17:09:28.809 MESA-INTEL: warning: Performance support disabled, consider sysctl dev.i915.perf_stream_paranoid=0
Jul 06, 2023 17:09:28.810 

Jul 06, 2023 20:47:28.673 NEW SESSION
Jul 06, 2023 20:47:28.673 MESA-INTEL: warning: Performance support disabled, consider sysctl dev.i915.perf_stream_paranoid=0
Jul 06, 2023 20:47:28.749 
Jul 06, 2023 20:47:29.154 Opening in existing browser session.
Jul 06, 2023 21:02:01.921 Opening in existing browser session.
Jul 06, 2023 21:02:02.620 MESA-INTEL: warning: Performance support disabled, consider sysctl dev.i915.perf_stream_paranoid=0
Jul 06, 2023 21:02:02.620 
Jul 06, 2023 21:41:57.446 Opening in existing browser session.
Jul 06, 2023 21:41:58.39 MESA-INTEL: warning: Performance support disabled, consider sysctl dev.i915.perf_stream_paranoid=0
Jul 06, 2023 21:41:58.39 
Jul 07, 2023 13:20:39.326 Opening in existing browser session.
Jul 07, 2023 13:20:39.921 MESA-INTEL: warning: Performance support disabled, consider sysctl dev.i915.perf_stream_paranoid=0
Jul 07, 2023 13:20:39.921 
Jul 07, 2023 14:30:30.118 Opening in existing browser session.
Jul 07, 2023 14:30:30.832 MESA-INTEL: warning: Performance support disabled, consider sysctl dev.i915.perf_stream_paranoid=0
Jul 07, 2023 14:30:30.832 
Jul 07, 2023 15:03:27.788 Opening in existing browser session.
Jul 07, 2023 15:03:28.305 MESA-INTEL: warning: Performance support disabled, consider sysctl dev.i915.perf_stream_paranoid=0
Jul 07, 2023 15:03:28.305 

Jul 07, 2023 21:40:36.560 NEW SESSION
Jul 07, 2023 21:40:36.560 Opening in existing browser session.
Jul 07, 2023 21:40:36.930 MESA-INTEL: warning: Performance support disabled, consider sysctl dev.i915.perf_stream_paranoid=0
Jul 07, 2023 21:40:36.931 
Jul 07, 2023 21:47:05.518 Opening in existing browser session.
Jul 07, 2023 21:47:06.53 MESA-INTEL: warning: Performance support disabled, consider sysctl dev.i915.perf_stream_paranoid=0
Jul 07, 2023 21:47:06.54 
Jul 07, 2023 21:54:44.187 Opening in existing browser session.
Jul 07, 2023 21:54:44.813 MESA-INTEL: warning: Performance support disabled, consider sysctl dev.i915.perf_stream_paranoid=0
Jul 07, 2023 21:54:44.813 

Jul 08, 2023 10:42:20.323 NEW SESSION
Jul 08, 2023 10:42:20.323 Opening in existing browser session.
Jul 08, 2023 10:42:20.737 MESA-INTEL: warning: Performance support disabled, consider sysctl dev.i915.perf_stream_paranoid=0
Jul 08, 2023 10:42:20.737 
Jul 08, 2023 10:57:49.142 Opening in existing browser session.
Jul 08, 2023 10:57:49.668 MESA-INTEL: warning: Performance support disabled, consider sysctl dev.i915.perf_stream_paranoid=0
Jul 08, 2023 10:57:49.668 
Jul 08, 2023 12:20:11.355 Opening in existing browser session.
Jul 08, 2023 12:20:12.509 MESA-INTEL: warning: Performance support disabled, consider sysctl dev.i915.perf_stream_paranoid=0
Jul 08, 2023 12:20:12.509 
Jul 08, 2023 14:28:53.186 Opening in existing browser session.
Jul 08, 2023 14:28:53.677 MESA-INTEL: warning: Performance support disabled, consider sysctl dev.i915.perf_stream_paranoid=0
Jul 08, 2023 14:28:53.677 
Jul 08, 2023 14:52:57.777 Opening in existing browser session.
Jul 08, 2023 14:52:58.360 MESA-INTEL: warning: Performance support disabled, consider sysctl dev.i915.perf_stream_paranoid=0
Jul 08, 2023 14:52:58.360 
Jul 08, 2023 17:06:12.236 Opening in existing browser session.
Jul 08, 2023 17:06:12.805 MESA-INTEL: warning: Performance support disabled, consider sysctl dev.i915.perf_stream_paranoid=0
Jul 08, 2023 17:06:12.805 
Jul 08, 2023 21:03:40.856 Opening in existing browser session.
Jul 08, 2023 21:03:42.124 MESA-INTEL: warning: Performance support disabled, consider sysctl dev.i915.perf_stream_paranoid=0
Jul 08, 2023 21:03:42.124 
Jul 08, 2023 21:05:28.464 Opening in existing browser session.
Jul 08, 2023 21:05:29.61 MESA-INTEL: warning: Performance support disabled, consider sysctl dev.i915.perf_stream_paranoid=0
Jul 08, 2023 21:05:29.61 
Jul 09, 2023 11:13:36.88 Opening in existing browser session.
Jul 09, 2023 11:13:37.245 MESA-INTEL: warning: Performance support disabled, consider sysctl dev.i915.perf_stream_paranoid=0
Jul 09, 2023 11:13:37.245 
Jul 10, 2023 20:40:12.494 Opening in existing browser session.
Jul 10, 2023 20:40:13.383 MESA-INTEL: warning: Performance support disabled, consider sysctl dev.i915.perf_stream_paranoid=0
Jul 10, 2023 20:40:13.383 
Jul 11, 2023 13:03:42.850 Opening in existing browser session.
Jul 11, 2023 13:03:44.106 MESA-INTEL: warning: Performance support disabled, consider sysctl dev.i915.perf_stream_paranoid=0
Jul 11, 2023 13:03:44.106 
Jul 11, 2023 13:07:28.584 Opening in existing browser session.
Jul 11, 2023 13:07:29.165 MESA-INTEL: warning: Performance support disabled, consider sysctl dev.i915.perf_stream_paranoid=0
Jul 11, 2023 13:07:29.165 
Jul 11, 2023 13:22:51.160 Opening in existing browser session.
Jul 11, 2023 13:22:51.710 MESA-INTEL: warning: Performance support disabled, consider sysctl dev.i915.perf_stream_paranoid=0
Jul 11, 2023 13:22:51.710 
Jul 11, 2023 13:28:06.100 MESA-INTEL: warning: Performance support disabled, consider sysctl dev.i915.perf_stream_paranoid=0
Jul 11, 2023 13:28:06.100 
Jul 11, 2023 13:28:06.214 Opening in existing browser session.
Jul 11, 2023 13:32:20.905 Opening in existing browser session.
Jul 11, 2023 13:32:21.497 MESA-INTEL: warning: Performance support disabled, consider sysctl dev.i915.perf_stream_paranoid=0
Jul 11, 2023 13:32:21.497 
Jul 11, 2023 15:36:40.397 Opening in existing browser session.
Jul 11, 2023 15:36:41.340 MESA-INTEL: warning: Performance support disabled, consider sysctl dev.i915.perf_stream_paranoid=0
Jul 11, 2023 15:36:41.340 
Jul 11, 2023 19:07:44.538 Opening in existing browser session.
Jul 11, 2023 19:07:44.600 MESA-INTEL: warning: Performance support disabled, consider sysctl dev.i915.perf_stream_paranoid=0
Jul 11, 2023 19:07:44.600 
Jul 11, 2023 19:35:51.679 Opening in existing browser session.
Jul 11, 2023 19:35:52.381 MESA-INTEL: warning: Performance support disabled, consider sysctl dev.i915.perf_stream_paranoid=0
Jul 11, 2023 19:35:52.381 
Jul 11, 2023 20:50:04.942 Opening in existing browser session.
Jul 11, 2023 20:50:08.31 MESA-INTEL: warning: Performance support disabled, consider sysctl dev.i915.perf_stream_paranoid=0
Jul 11, 2023 20:50:08.31 
Jul 11, 2023 21:07:25.396 Opening in existing browser session.
Jul 11, 2023 21:07:26.45 MESA-INTEL: warning: Performance support disabled, consider sysctl dev.i915.perf_stream_paranoid=0
Jul 11, 2023 21:07:26.45 
Jul 11, 2023 21:22:12.16 Opening in existing browser session.
Jul 11, 2023 21:22:12.611 MESA-INTEL: warning: Performance support disabled, consider sysctl dev.i915.perf_stream_paranoid=0
Jul 11, 2023 21:22:12.612 
Jul 11, 2023 21:42:24.341 Opening in existing browser session.
Jul 11, 2023 21:42:24.952 MESA-INTEL: warning: Performance support disabled, consider sysctl dev.i915.perf_stream_paranoid=0
Jul 11, 2023 21:42:24.952 

Jul 12, 2023 11:23:09.274 NEW SESSION
Jul 12, 2023 11:23:09.274 MESA-INTEL: warning: Performance support disabled, consider sysctl dev.i915.perf_stream_paranoid=0
Jul 12, 2023 11:23:09.717 
Jul 12, 2023 11:23:11.342 Opening in existing browser session.
Jul 12, 2023 11:32:53.817 Opening in existing browser session.
Jul 12, 2023 11:32:54.911 MESA-INTEL: warning: Performance support disabled, consider sysctl dev.i915.perf_stream_paranoid=0
Jul 12, 2023 11:32:54.911 

Jul 12, 2023 12:02:34.166 NEW SESSION
Jul 12, 2023 12:02:34.166 Opening in existing browser session.
Jul 12, 2023 12:02:34.510 MESA-INTEL: warning: Performance support disabled, consider sysctl dev.i915.perf_stream_paranoid=0
Jul 12, 2023 12:02:34.510 
Jul 12, 2023 12:04:02.784 MESA-INTEL: warning: Performance support disabled, consider sysctl dev.i915.perf_stream_paranoid=0
Jul 12, 2023 12:04:02.784 
Jul 12, 2023 12:04:04.731 Opening in existing browser session.
Jul 12, 2023 20:03:32.401 Opening in existing browser session.
Jul 12, 2023 20:03:33.613 MESA-INTEL: warning: Performance support disabled, consider sysctl dev.i915.perf_stream_paranoid=0
Jul 12, 2023 20:03:33.614 
Jul 12, 2023 20:09:02.811 Opening in existing browser session.
Jul 12, 2023 20:09:03.206 MESA-INTEL: warning: Performance support disabled, consider sysctl dev.i915.perf_stream_paranoid=0
Jul 12, 2023 20:09:03.206 
Jul 12, 2023 20:11:19.71 Opening in existing browser session.
Jul 12, 2023 20:11:19.706 MESA-INTEL: warning: Performance support disabled, consider sysctl dev.i915.perf_stream_paranoid=0
Jul 12, 2023 20:11:19.706 
Jul 12, 2023 20:14:42.238 Opening in existing browser session.
Jul 12, 2023 20:14:42.776 MESA-INTEL: warning: Performance support disabled, consider sysctl dev.i915.perf_stream_paranoid=0
Jul 12, 2023 20:14:42.776 
Jul 12, 2023 21:38:26.580 Opening in existing browser session.
Jul 12, 2023 21:38:27.660 MESA-INTEL: warning: Performance support disabled, consider sysctl dev.i915.perf_stream_paranoid=0
Jul 12, 2023 21:38:27.661 

Jul 13, 2023 10:35:58.577 NEW SESSION
Jul 13, 2023 10:35:58.577 Opening in existing browser session.
Jul 13, 2023 10:35:59.16 MESA-INTEL: warning: Performance support disabled, consider sysctl dev.i915.perf_stream_paranoid=0
Jul 13, 2023 10:35:59.16 
Jul 13, 2023 10:37:40.200 Opening in existing browser session.
Jul 13, 2023 10:37:40.787 MESA-INTEL: warning: Performance support disabled, consider sysctl dev.i915.perf_stream_paranoid=0
Jul 13, 2023 10:37:40.788 
Jul 13, 2023 20:24:19.300 MESA-INTEL: warning: Performance support disabled, consider sysctl dev.i915.perf_stream_paranoid=0
Jul 13, 2023 20:24:19.466 
Jul 13, 2023 20:24:19.466 Opening in existing browser session.
Jul 13, 2023 20:27:43.79 Opening in existing browser session.
Jul 13, 2023 20:27:43.629 MESA-INTEL: warning: Performance support disabled, consider sysctl dev.i915.perf_stream_paranoid=0
Jul 13, 2023 20:27:43.629 
Jul 13, 2023 20:34:41.747 Opening in existing browser session.
Jul 13, 2023 20:34:42.323 MESA-INTEL: warning: Performance support disabled, consider sysctl dev.i915.perf_stream_paranoid=0
Jul 13, 2023 20:34:42.323 

Jul 14, 2023 06:45:00.407 NEW SESSION
Jul 14, 2023 06:45:00.407 Opening in existing browser session.
Jul 14, 2023 06:45:00.506 MESA-INTEL: warning: Performance support disabled, consider sysctl dev.i915.perf_stream_paranoid=0
Jul 14, 2023 06:45:00.506 
Jul 14, 2023 06:50:31.948 Opening in existing browser session.
Jul 14, 2023 06:50:32.516 MESA-INTEL: warning: Performance support disabled, consider sysctl dev.i915.perf_stream_paranoid=0
Jul 14, 2023 06:50:32.517 
Jul 14, 2023 06:51:37.173 Opening in existing browser session.
Jul 14, 2023 06:51:37.703 MESA-INTEL: warning: Performance support disabled, consider sysctl dev.i915.perf_stream_paranoid=0
Jul 14, 2023 06:51:37.703 
Jul 14, 2023 07:31:59.00 Opening in existing browser session.
Jul 14, 2023 07:31:59.515 MESA-INTEL: warning: Performance support disabled, consider sysctl dev.i915.perf_stream_paranoid=0
Jul 14, 2023 07:31:59.515 
Jul 14, 2023 07:40:06.545 Opening in existing browser session.
Jul 14, 2023 07:40:07.106 MESA-INTEL: warning: Performance support disabled, consider sysctl dev.i915.perf_stream_paranoid=0
Jul 14, 2023 07:40:07.107 
Jul 14, 2023 07:45:30.929 Opening in existing browser session.
Jul 14, 2023 07:45:31.502 MESA-INTEL: warning: Performance support disabled, consider sysctl dev.i915.perf_stream_paranoid=0
Jul 14, 2023 07:45:31.502 
Jul 14, 2023 07:48:24.496 Opening in existing browser session.
Jul 14, 2023 07:48:25.172 MESA-INTEL: warning: Performance support disabled, consider sysctl dev.i915.perf_stream_paranoid=0
Jul 14, 2023 07:48:25.172 
Jul 14, 2023 07:51:38.907 Opening in existing browser session.
Jul 14, 2023 07:51:39.417 MESA-INTEL: warning: Performance support disabled, consider sysctl dev.i915.perf_stream_paranoid=0
Jul 14, 2023 07:51:39.417 
Jul 14, 2023 07:54:40.605 Opening in existing browser session.
Jul 14, 2023 07:54:42.43 MESA-INTEL: warning: Performance support disabled, consider sysctl dev.i915.perf_stream_paranoid=0
Jul 14, 2023 07:54:42.43 
Jul 14, 2023 07:56:17.148 Opening in existing browser session.
Jul 14, 2023 07:56:17.708 MESA-INTEL: warning: Performance support disabled, consider sysctl dev.i915.perf_stream_paranoid=0
Jul 14, 2023 07:56:17.709 

Jul 14, 2023 21:06:56.361 NEW SESSION
Jul 14, 2023 21:06:56.361 Opening in existing browser session.
Jul 14, 2023 21:06:56.966 MESA-INTEL: warning: Performance support disabled, consider sysctl dev.i915.perf_stream_paranoid=0
Jul 14, 2023 21:06:56.966 
Jul 14, 2023 21:29:18.636 Opening in existing browser session.
Jul 14, 2023 21:29:19.184 MESA-INTEL: warning: Performance support disabled, consider sysctl dev.i915.perf_stream_paranoid=0
Jul 14, 2023 21:29:19.184 
Jul 14, 2023 21:51:49.341 Opening in existing browser session.
Jul 14, 2023 21:51:49.945 MESA-INTEL: warning: Performance support disabled, consider sysctl dev.i915.perf_stream_paranoid=0
Jul 14, 2023 21:51:49.945 
Jul 14, 2023 21:53:45.289 Opening in existing browser session.
Jul 14, 2023 21:53:45.856 MESA-INTEL: warning: Performance support disabled, consider sysctl dev.i915.perf_stream_paranoid=0
Jul 14, 2023 21:53:45.856 
Jul 14, 2023 21:56:19.203 Opening in existing browser session.
Jul 14, 2023 21:56:19.896 MESA-INTEL: warning: Performance support disabled, consider sysctl dev.i915.perf_stream_paranoid=0
Jul 14, 2023 21:56:19.897 
Jul 14, 2023 22:20:48.380 Opening in existing browser session.
Jul 14, 2023 22:20:49.194 MESA-INTEL: warning: Performance support disabled, consider sysctl dev.i915.perf_stream_paranoid=0
Jul 14, 2023 22:20:49.195 
Jul 15, 2023 09:32:52.258 Opening in existing browser session.
Jul 15, 2023 09:32:52.857 MESA-INTEL: warning: Performance support disabled, consider sysctl dev.i915.perf_stream_paranoid=0
Jul 15, 2023 09:32:52.857 
Jul 15, 2023 18:50:50.557 Opening in existing browser session.
Jul 15, 2023 18:50:51.416 MESA-INTEL: warning: Performance support disabled, consider sysctl dev.i915.perf_stream_paranoid=0
Jul 15, 2023 18:50:51.416 
Jul 15, 2023 20:34:22.253 Opening in existing browser session.
Jul 15, 2023 20:34:22.766 MESA-INTEL: warning: Performance support disabled, consider sysctl dev.i915.perf_stream_paranoid=0
Jul 15, 2023 20:34:22.767 
Jul 15, 2023 20:39:15.907 Opening in existing browser session.
Jul 15, 2023 20:39:16.427 MESA-INTEL: warning: Performance support disabled, consider sysctl dev.i915.perf_stream_paranoid=0
Jul 15, 2023 20:39:16.427 
Jul 15, 2023 20:48:06.506 Opening in existing browser session.
Jul 15, 2023 20:48:09.495 MESA-INTEL: warning: Performance support disabled, consider sysctl dev.i915.perf_stream_paranoid=0
Jul 15, 2023 20:48:09.495 
Jul 16, 2023 07:12:11.914 Opening in existing browser session.
Jul 16, 2023 07:12:12.493 MESA-INTEL: warning: Performance support disabled, consider sysctl dev.i915.perf_stream_paranoid=0
Jul 16, 2023 07:12:12.493 
Jul 16, 2023 07:15:46.817 Opening in existing browser session.
Jul 16, 2023 07:15:47.317 MESA-INTEL: warning: Performance support disabled, consider sysctl dev.i915.perf_stream_paranoid=0
Jul 16, 2023 07:15:47.317 
Jul 16, 2023 07:40:19.812 Opening in existing browser session.
Jul 16, 2023 07:40:20.365 MESA-INTEL: warning: Performance support disabled, consider sysctl dev.i915.perf_stream_paranoid=0
Jul 16, 2023 07:40:20.365 
Jul 16, 2023 07:52:34.256 Opening in existing browser session.
Jul 16, 2023 07:52:34.807 MESA-INTEL: warning: Performance support disabled, consider sysctl dev.i915.perf_stream_paranoid=0
Jul 16, 2023 07:52:34.808 
Jul 16, 2023 07:54:16.58 Opening in existing browser session.
Jul 16, 2023 07:54:16.528 MESA-INTEL: warning: Performance support disabled, consider sysctl dev.i915.perf_stream_paranoid=0
Jul 16, 2023 07:54:16.528 
Jul 16, 2023 10:22:50.80 Opening in existing browser session.
Jul 16, 2023 10:22:50.686 MESA-INTEL: warning: Performance support disabled, consider sysctl dev.i915.perf_stream_paranoid=0
Jul 16, 2023 10:22:50.686 
Jul 16, 2023 11:21:53.951 Opening in existing browser session.
Jul 16, 2023 11:21:54.528 MESA-INTEL: warning: Performance support disabled, consider sysctl dev.i915.perf_stream_paranoid=0
Jul 16, 2023 11:21:54.528 
Jul 16, 2023 11:28:45.907 Opening in existing browser session.
Jul 16, 2023 11:28:46.516 MESA-INTEL: warning: Performance support disabled, consider sysctl dev.i915.perf_stream_paranoid=0
Jul 16, 2023 11:28:46.516 
Jul 16, 2023 11:35:16.747 Opening in existing browser session.
Jul 16, 2023 11:35:17.287 MESA-INTEL: warning: Performance support disabled, consider sysctl dev.i915.perf_stream_paranoid=0
Jul 16, 2023 11:35:17.287 
Jul 16, 2023 11:37:12.429 Opening in existing browser session.
Jul 16, 2023 11:37:12.977 MESA-INTEL: warning: Performance support disabled, consider sysctl dev.i915.perf_stream_paranoid=0
Jul 16, 2023 11:37:12.977 
Jul 16, 2023 13:24:17.428 Opening in existing browser session.
Jul 16, 2023 13:24:18.32 MESA-INTEL: warning: Performance support disabled, consider sysctl dev.i915.perf_stream_paranoid=0
Jul 16, 2023 13:24:18.32 
Jul 16, 2023 14:56:39.786 Opening in existing browser session.
Jul 16, 2023 14:56:40.484 MESA-INTEL: warning: Performance support disabled, consider sysctl dev.i915.perf_stream_paranoid=0
Jul 16, 2023 14:56:40.484 
Jul 16, 2023 16:41:09.46 Opening in existing browser session.
Jul 16, 2023 16:41:09.829 MESA-INTEL: warning: Performance support disabled, consider sysctl dev.i915.perf_stream_paranoid=0
Jul 16, 2023 16:41:09.829 
Jul 17, 2023 07:42:08.249 Opening in existing browser session.
Jul 17, 2023 07:42:08.903 MESA-INTEL: warning: Performance support disabled, consider sysctl dev.i915.perf_stream_paranoid=0
Jul 17, 2023 07:42:08.903 
Jul 17, 2023 08:33:00.913 Opening in existing browser session.
Jul 17, 2023 08:33:01.499 MESA-INTEL: warning: Performance support disabled, consider sysctl dev.i915.perf_stream_paranoid=0
Jul 17, 2023 08:33:01.593 
Jul 17, 2023 08:37:34.40 Opening in existing browser session.
Jul 17, 2023 08:37:34.497 MESA-INTEL: warning: Performance support disabled, consider sysctl dev.i915.perf_stream_paranoid=0
Jul 17, 2023 08:37:34.497 
Jul 17, 2023 08:53:12.623 Opening in existing browser session.
Jul 17, 2023 08:53:13.297 MESA-INTEL: warning: Performance support disabled, consider sysctl dev.i915.perf_stream_paranoid=0
Jul 17, 2023 08:53:13.298 
Jul 17, 2023 09:05:12.527 Opening in existing browser session.
Jul 17, 2023 09:05:13.07 MESA-INTEL: warning: Performance support disabled, consider sysctl dev.i915.perf_stream_paranoid=0
Jul 17, 2023 09:05:13.08 
Jul 17, 2023 09:10:39.89 Opening in existing browser session.
Jul 17, 2023 09:10:39.633 MESA-INTEL: warning: Performance support disabled, consider sysctl dev.i915.perf_stream_paranoid=0
Jul 17, 2023 09:10:39.633 
Jul 17, 2023 16:31:32.582 Opening in existing browser session.
Jul 17, 2023 16:31:33.95 MESA-INTEL: warning: Performance support disabled, consider sysctl dev.i915.perf_stream_paranoid=0
Jul 17, 2023 16:31:33.95 
Jul 17, 2023 16:34:47.745 Opening in existing browser session.
Jul 17, 2023 16:34:48.409 MESA-INTEL: warning: Performance support disabled, consider sysctl dev.i915.perf_stream_paranoid=0
Jul 17, 2023 16:34:48.409 
Jul 17, 2023 16:44:26.155 Opening in existing browser session.
Jul 17, 2023 16:44:26.691 MESA-INTEL: warning: Performance support disabled, consider sysctl dev.i915.perf_stream_paranoid=0
Jul 17, 2023 16:44:26.691 
Jul 17, 2023 18:38:09.239 Opening in existing browser session.
Jul 17, 2023 18:38:09.930 MESA-INTEL: warning: Performance support disabled, consider sysctl dev.i915.perf_stream_paranoid=0
Jul 17, 2023 18:38:09.930 
Jul 17, 2023 18:53:17.940 Opening in existing browser session.
Jul 17, 2023 18:53:18.704 MESA-INTEL: warning: Performance support disabled, consider sysctl dev.i915.perf_stream_paranoid=0
Jul 17, 2023 18:53:18.704 
Jul 17, 2023 20:37:14.685 Opening in existing browser session.
Jul 17, 2023 20:37:15.167 MESA-INTEL: warning: Performance support disabled, consider sysctl dev.i915.perf_stream_paranoid=0
Jul 17, 2023 20:37:15.167 
Jul 17, 2023 20:38:55.263 Opening in existing browser session.
Jul 17, 2023 20:38:55.892 MESA-INTEL: warning: Performance support disabled, consider sysctl dev.i915.perf_stream_paranoid=0
Jul 17, 2023 20:38:55.892 
Jul 17, 2023 21:02:24.562 Opening in existing browser session.
Jul 17, 2023 21:02:25.234 MESA-INTEL: warning: Performance support disabled, consider sysctl dev.i915.perf_stream_paranoid=0
Jul 17, 2023 21:02:25.234 

Jul 18, 2023 07:44:54.752 NEW SESSION
Jul 18, 2023 07:44:54.752 Opening in existing browser session.
Jul 18, 2023 07:44:55.149 MESA-INTEL: warning: Performance support disabled, consider sysctl dev.i915.perf_stream_paranoid=0
Jul 18, 2023 07:44:55.149 

Jul 18, 2023 10:17:42.553 NEW SESSION
Jul 18, 2023 10:17:42.554 Opening in existing browser session.
Jul 18, 2023 10:17:45.912 MESA-INTEL: warning: Performance support disabled, consider sysctl dev.i915.perf_stream_paranoid=0
Jul 18, 2023 10:17:45.912 
Jul 18, 2023 16:57:36.214 Opening in existing browser session.
Jul 18, 2023 16:57:37.204 MESA-INTEL: warning: Performance support disabled, consider sysctl dev.i915.perf_stream_paranoid=0
Jul 18, 2023 16:57:37.205 
Jul 18, 2023 17:11:52.638 Opening in existing browser session.
Jul 18, 2023 17:11:53.208 MESA-INTEL: warning: Performance support disabled, consider sysctl dev.i915.perf_stream_paranoid=0
Jul 18, 2023 17:11:53.208 
Jul 18, 2023 21:07:35.624 Opening in existing browser session.
Jul 18, 2023 21:07:36.374 MESA-INTEL: warning: Performance support disabled, consider sysctl dev.i915.perf_stream_paranoid=0
Jul 18, 2023 21:07:36.374 

Jul 19, 2023 18:56:29.84 NEW SESSION
Jul 19, 2023 18:56:29.84 Opening in existing browser session.
Jul 19, 2023 18:56:29.453 MESA-INTEL: warning: Performance support disabled, consider sysctl dev.i915.perf_stream_paranoid=0
Jul 19, 2023 18:56:29.453 
Jul 19, 2023 19:01:05.239 MESA-INTEL: warning: Performance support disabled, consider sysctl dev.i915.perf_stream_paranoid=0
Jul 19, 2023 19:01:05.239 
Jul 19, 2023 19:01:05.676 Opening in existing browser session.
Jul 19, 2023 19:07:47.360 Opening in existing browser session.
Jul 19, 2023 19:07:47.918 MESA-INTEL: warning: Performance support disabled, consider sysctl dev.i915.perf_stream_paranoid=0
Jul 19, 2023 19:07:47.919 
Jul 19, 2023 19:09:44.158 Opening in existing browser session.
Jul 19, 2023 19:09:44.674 MESA-INTEL: warning: Performance support disabled, consider sysctl dev.i915.perf_stream_paranoid=0
Jul 19, 2023 19:09:44.674 
Jul 19, 2023 19:14:08.128 [7621:7621:0719/191408.128515:ERROR:object_proxy.cc(590)] Failed to call method: org.freedesktop.portal.Settings.Read: object_path= /org/freedesktop/portal/desktop: org.freedesktop.portal.Error.NotFound: Requested setting not found
Jul 19, 2023 19:14:08.542 MESA-INTEL: warning: Performance support disabled, consider sysctl dev.i915.perf_stream_paranoid=0
Jul 19, 2023 19:14:08.542 
Jul 19, 2023 19:15:29.809 [OpenH264] this = 0x0x18280095dc80, Warning:Actual input fLatestFrameRate = 24.293112 is quite different from framerate in setting 60.000000, please check setting or timestamp unit (ms), cur_Ts = 5022 start_Ts = 0
Jul 19, 2023 19:15:29.809 [OpenH264] this = 0x0x18280095dc80, Warning:Actual input framerate 24.293112 is different from framerate in setting 60.000000, suggest to use other rate control modes
Jul 19, 2023 19:15:34.831 [OpenH264] this = 0x0x18280095dc80, Warning:Actual input fLatestFrameRate = 24.477612 is quite different from framerate in setting 60.000000, please check setting or timestamp unit (ms), cur_Ts = 10047 start_Ts = 5022
Jul 19, 2023 19:15:34.831 [OpenH264] this = 0x0x18280095dc80, Warning:Actual input framerate 24.477612 is different from framerate in setting 60.000000, suggest to use other rate control modes
Jul 19, 2023 19:15:39.862 [OpenH264] this = 0x0x18280095dc80, Warning:Actual input fLatestFrameRate = 25.004961 is quite different from framerate in setting 60.000000, please check setting or timestamp unit (ms), cur_Ts = 15086 start_Ts = 10047
Jul 19, 2023 19:15:39.862 [OpenH264] this = 0x0x18280095dc80, Warning:Actual input framerate 25.004961 is different from framerate in setting 60.000000, suggest to use other rate control modes
Jul 19, 2023 19:16:18.68 [OpenH264] this = 0x0x182804e9afd0, Warning:Actual input fLatestFrameRate = 6.175991 is quite different from framerate in setting 60.000000, please check setting or timestamp unit (ms), cur_Ts = 19592 start_Ts = 0
Jul 19, 2023 19:16:18.69 [OpenH264] this = 0x0x182804e9afd0, Warning:Actual input framerate 6.175991 is different from framerate in setting 60.000000, suggest to use other rate control modes
Jul 19, 2023 19:16:23.26 [OpenH264] this = 0x0x182804e9afd0, Warning:Actual input fLatestFrameRate = 24.965050 is quite different from framerate in setting 60.000000, please check setting or timestamp unit (ms), cur_Ts = 24599 start_Ts = 19592
Jul 19, 2023 19:16:23.26 [OpenH264] this = 0x0x182804e9afd0, Warning:Actual input framerate 24.965050 is different from framerate in setting 60.000000, suggest to use other rate control modes
Jul 19, 2023 19:16:28.27 [OpenH264] this = 0x0x182804e9afd0, Warning:Actual input fLatestFrameRate = 25.000000 is quite different from framerate in setting 60.000000, please check setting or timestamp unit (ms), cur_Ts = 29599 start_Ts = 24599
Jul 19, 2023 19:16:28.27 [OpenH264] this = 0x0x182804e9afd0, Warning:Actual input framerate 25.000000 is different from framerate in setting 60.000000, suggest to use other rate control modes
Jul 19, 2023 19:16:33.85 [OpenH264] this = 0x0x182804e9afd0, Warning:Actual input fLatestFrameRate = 24.900398 is quite different from framerate in setting 60.000000, please check setting or timestamp unit (ms), cur_Ts = 34619 start_Ts = 29599
Jul 19, 2023 19:16:33.85 [OpenH264] this = 0x0x182804e9afd0, Warning:Actual input framerate 24.900398 is different from framerate in setting 60.000000, suggest to use other rate control modes
Jul 19, 2023 19:16:38.97 [OpenH264] this = 0x0x182804e9afd0, Warning:Actual input fLatestFrameRate = 24.312475 is quite different from framerate in setting 60.000000, please check setting or timestamp unit (ms), cur_Ts = 39637 start_Ts = 34619
Jul 19, 2023 19:16:38.97 [OpenH264] this = 0x0x182804e9afd0, Warning:Actual input framerate 24.312475 is different from framerate in setting 60.000000, suggest to use other rate control modes
Jul 19, 2023 19:16:43.101 [OpenH264] this = 0x0x182804e9afd0, Warning:Actual input fLatestFrameRate = 24.113192 is quite different from framerate in setting 60.000000, please check setting or timestamp unit (ms), cur_Ts = 44655 start_Ts = 39637
Jul 19, 2023 19:16:43.101 [OpenH264] this = 0x0x182804e9afd0, Warning:Actual input framerate 24.113192 is different from framerate in setting 60.000000, suggest to use other rate control modes
Jul 19, 2023 19:16:48.128 [OpenH264] this = 0x0x182804e9afd0, Warning:Actual input fLatestFrameRate = 24.870672 is quite different from framerate in setting 60.000000, please check setting or timestamp unit (ms), cur_Ts = 49681 start_Ts = 44655
Jul 19, 2023 19:16:48.128 [OpenH264] this = 0x0x182804e9afd0, Warning:Actual input framerate 24.870672 is different from framerate in setting 60.000000, suggest to use other rate control modes
Jul 19, 2023 19:16:53.154 [OpenH264] this = 0x0x182804e9afd0, Warning:Actual input fLatestFrameRate = 24.414450 is quite different from framerate in setting 60.000000, please check setting or timestamp unit (ms), cur_Ts = 54719 start_Ts = 49681
Jul 19, 2023 19:16:53.154 [OpenH264] this = 0x0x182804e9afd0, Warning:Actual input framerate 24.414450 is different from framerate in setting 60.000000, suggest to use other rate control modes
Jul 19, 2023 19:16:58.166 [OpenH264] this = 0x0x182804e9afd0, Warning:Actual input fLatestFrameRate = 24.760384 is quite different from framerate in setting 60.000000, please check setting or timestamp unit (ms), cur_Ts = 59727 start_Ts = 54719
Jul 19, 2023 19:16:58.166 [OpenH264] this = 0x0x182804e9afd0, Warning:Actual input framerate 24.760384 is different from framerate in setting 60.000000, suggest to use other rate control modes
Jul 19, 2023 19:17:03.215 [OpenH264] this = 0x0x182804e9afd0, Warning:Actual input fLatestFrameRate = 24.925224 is quite different from framerate in setting 60.000000, please check setting or timestamp unit (ms), cur_Ts = 64742 start_Ts = 59727
Jul 19, 2023 19:17:03.215 [OpenH264] this = 0x0x182804e9afd0, Warning:Actual input framerate 24.925224 is different from framerate in setting 60.000000, suggest to use other rate control modes
Jul 19, 2023 19:17:08.261 [OpenH264] this = 0x0x182804e9afd0, Warning:Actual input fLatestFrameRate = 24.293896 is quite different from framerate in setting 60.000000, please check setting or timestamp unit (ms), cur_Ts = 69805 start_Ts = 64742
Jul 19, 2023 19:17:08.261 [OpenH264] this = 0x0x182804e9afd0, Warning:Actual input framerate 24.293896 is different from framerate in setting 60.000000, suggest to use other rate control modes
Jul 19, 2023 19:17:13.280 [OpenH264] this = 0x0x182804e9afd0, Warning:Actual input fLatestFrameRate = 24.845955 is quite different from framerate in setting 60.000000, please check setting or timestamp unit (ms), cur_Ts = 74836 start_Ts = 69805
Jul 19, 2023 19:17:13.280 [OpenH264] this = 0x0x182804e9afd0, Warning:Actual input framerate 24.845955 is different from framerate in setting 60.000000, suggest to use other rate control modes
Jul 19, 2023 19:17:18.270 [OpenH264] this = 0x0x182804e9afd0, Warning:Actual input fLatestFrameRate = 24.575424 is quite different from framerate in setting 60.000000, please check setting or timestamp unit (ms), cur_Ts = 79841 start_Ts = 74836
Jul 19, 2023 19:17:18.270 [OpenH264] this = 0x0x182804e9afd0, Warning:Actual input framerate 24.575424 is different from framerate in setting 60.000000, suggest to use other rate control modes
Jul 19, 2023 19:17:23.309 [OpenH264] this = 0x0x182804e9afd0, Warning:Actual input fLatestFrameRate = 24.795042 is quite different from framerate in setting 60.000000, please check setting or timestamp unit (ms), cur_Ts = 84842 start_Ts = 79841
Jul 19, 2023 19:17:23.310 [OpenH264] this = 0x0x182804e9afd0, Warning:Actual input framerate 24.795042 is different from framerate in setting 60.000000, suggest to use other rate control modes
Jul 19, 2023 19:17:28.303 [OpenH264] this = 0x0x182804e9afd0, Warning:Actual input fLatestFrameRate = 24.536205 is quite different from framerate in setting 60.000000, please check setting or timestamp unit (ms), cur_Ts = 89855 start_Ts = 84842
Jul 19, 2023 19:17:28.303 [OpenH264] this = 0x0x182804e9afd0, Warning:Actual input framerate 24.536205 is different from framerate in setting 60.000000, suggest to use other rate control modes
Jul 19, 2023 19:17:33.332 [OpenH264] this = 0x0x182804e9afd0, Warning:Actual input fLatestFrameRate = 24.836082 is quite different from framerate in setting 60.000000, please check setting or timestamp unit (ms), cur_Ts = 94888 start_Ts = 89855
Jul 19, 2023 19:17:33.332 [OpenH264] this = 0x0x182804e9afd0, Warning:Actual input framerate 24.836082 is different from framerate in setting 60.000000, suggest to use other rate control modes
Jul 19, 2023 19:17:38.333 [OpenH264] this = 0x0x182804e9afd0, Warning:Actual input fLatestFrameRate = 24.965050 is quite different from framerate in setting 60.000000, please check setting or timestamp unit (ms), cur_Ts = 99895 start_Ts = 94888
Jul 19, 2023 19:17:38.333 [OpenH264] this = 0x0x182804e9afd0, Warning:Actual input framerate 24.965050 is different from framerate in setting 60.000000, suggest to use other rate control modes
Jul 19, 2023 19:17:43.358 [OpenH264] this = 0x0x182804e9afd0, Warning:Actual input fLatestFrameRate = 24.880573 is quite different from framerate in setting 60.000000, please check setting or timestamp unit (ms), cur_Ts = 104919 start_Ts = 99895
Jul 19, 2023 19:17:43.359 [OpenH264] this = 0x0x182804e9afd0, Warning:Actual input framerate 24.880573 is different from framerate in setting 60.000000, suggest to use other rate control modes
Jul 19, 2023 19:17:48.385 [OpenH264] this = 0x0x182804e9afd0, Warning:Actual input fLatestFrameRate = 24.642288 is quite different from framerate in setting 60.000000, please check setting or timestamp unit (ms), cur_Ts = 109951 start_Ts = 104919
Jul 19, 2023 19:17:48.385 [OpenH264] this = 0x0x182804e9afd0, Warning:Actual input framerate 24.642288 is different from framerate in setting 60.000000, suggest to use other rate control modes
Jul 19, 2023 19:17:53.411 [OpenH264] this = 0x0x182804e9afd0, Warning:Actual input fLatestFrameRate = 24.681528 is quite different from framerate in setting 60.000000, please check setting or timestamp unit (ms), cur_Ts = 114975 start_Ts = 109951
Jul 19, 2023 19:17:53.411 [OpenH264] this = 0x0x182804e9afd0, Warning:Actual input framerate 24.681528 is different from framerate in setting 60.000000, suggest to use other rate control modes
Jul 19, 2023 19:17:58.469 [OpenH264] this = 0x0x182804e9afd0, Warning:Actual input fLatestFrameRate = 24.671707 is quite different from framerate in setting 60.000000, please check setting or timestamp unit (ms), cur_Ts = 120001 start_Ts = 114975
Jul 19, 2023 19:17:58.469 [OpenH264] this = 0x0x182804e9afd0, Warning:Actual input framerate 24.671707 is different from framerate in setting 60.000000, suggest to use other rate control modes
Jul 19, 2023 19:18:03.447 [OpenH264] this = 0x0x182804e9afd0, Warning:Actual input fLatestFrameRate = 24.799999 is quite different from framerate in setting 60.000000, please check setting or timestamp unit (ms), cur_Ts = 125001 start_Ts = 120001
Jul 19, 2023 19:18:03.447 [OpenH264] this = 0x0x182804e9afd0, Warning:Actual input framerate 24.799999 is different from framerate in setting 60.000000, suggest to use other rate control modes
Jul 19, 2023 19:18:08.479 [OpenH264] this = 0x0x182804e9afd0, Warning:Actual input fLatestFrameRate = 25.009924 is quite different from framerate in setting 60.000000, please check setting or timestamp unit (ms), cur_Ts = 130039 start_Ts = 125001
Jul 19, 2023 19:18:08.479 [OpenH264] this = 0x0x182804e9afd0, Warning:Actual input framerate 25.009924 is different from framerate in setting 60.000000, suggest to use other rate control modes
Jul 19, 2023 19:18:13.489 [OpenH264] this = 0x0x182804e9afd0, Warning:Actual input fLatestFrameRate = 24.760384 is quite different from framerate in setting 60.000000, please check setting or timestamp unit (ms), cur_Ts = 135047 start_Ts = 130039
Jul 19, 2023 19:18:13.490 [OpenH264] this = 0x0x182804e9afd0, Warning:Actual input framerate 24.760384 is different from framerate in setting 60.000000, suggest to use other rate control modes
Jul 19, 2023 19:18:18.489 [OpenH264] this = 0x0x182804e9afd0, Warning:Actual input fLatestFrameRate = 24.725822 is quite different from framerate in setting 60.000000, please check setting or timestamp unit (ms), cur_Ts = 140062 start_Ts = 135047
Jul 19, 2023 19:18:18.490 [OpenH264] this = 0x0x182804e9afd0, Warning:Actual input framerate 24.725822 is different from framerate in setting 60.000000, suggest to use other rate control modes
Jul 19, 2023 19:18:23.498 [OpenH264] this = 0x0x182804e9afd0, Warning:Actual input fLatestFrameRate = 24.995001 is quite different from framerate in setting 60.000000, please check setting or timestamp unit (ms), cur_Ts = 145063 start_Ts = 140062
Jul 19, 2023 19:18:23.498 [OpenH264] this = 0x0x182804e9afd0, Warning:Actual input framerate 24.995001 is different from framerate in setting 60.000000, suggest to use other rate control modes
Jul 19, 2023 19:18:28.545 [OpenH264] this = 0x0x182804e9afd0, Warning:Actual input fLatestFrameRate = 24.806509 is quite different from framerate in setting 60.000000, please check setting or timestamp unit (ms), cur_Ts = 150102 start_Ts = 145063
Jul 19, 2023 19:18:28.545 [OpenH264] this = 0x0x182804e9afd0, Warning:Actual input framerate 24.806509 is different from framerate in setting 60.000000, suggest to use other rate control modes
Jul 19, 2023 19:18:33.569 [OpenH264] this = 0x0x182804e9afd0, Warning:Actual input fLatestFrameRate = 24.895439 is quite different from framerate in setting 60.000000, please check setting or timestamp unit (ms), cur_Ts = 155123 start_Ts = 150102
Jul 19, 2023 19:18:33.569 [OpenH264] this = 0x0x182804e9afd0, Warning:Actual input framerate 24.895439 is different from framerate in setting 60.000000, suggest to use other rate control modes
Jul 19, 2023 19:18:38.564 [OpenH264] this = 0x0x182804e9afd0, Warning:Actual input fLatestFrameRate = 24.740622 is quite different from framerate in setting 60.000000, please check setting or timestamp unit (ms), cur_Ts = 160135 start_Ts = 155123
Jul 19, 2023 19:18:38.564 [OpenH264] this = 0x0x182804e9afd0, Warning:Actual input framerate 24.740622 is different from framerate in setting 60.000000, suggest to use other rate control modes
Jul 19, 2023 19:18:43.568 [OpenH264] this = 0x0x182804e9afd0, Warning:Actual input fLatestFrameRate = 24.799999 is quite different from framerate in setting 60.000000, please check setting or timestamp unit (ms), cur_Ts = 165135 start_Ts = 160135
Jul 19, 2023 19:18:43.569 [OpenH264] this = 0x0x182804e9afd0, Warning:Actual input framerate 24.799999 is different from framerate in setting 60.000000, suggest to use other rate control modes
Jul 19, 2023 19:18:48.590 [OpenH264] this = 0x0x182804e9afd0, Warning:Actual input fLatestFrameRate = 24.526421 is quite different from framerate in setting 60.000000, please check setting or timestamp unit (ms), cur_Ts = 170150 start_Ts = 165135
Jul 19, 2023 19:18:48.590 [OpenH264] this = 0x0x182804e9afd0, Warning:Actual input framerate 24.526421 is different from framerate in setting 60.000000, suggest to use other rate control modes
Jul 19, 2023 19:18:53.597 [OpenH264] this = 0x0x182804e9afd0, Warning:Actual input fLatestFrameRate = 24.955082 is quite different from framerate in setting 60.000000, please check setting or timestamp unit (ms), cur_Ts = 175159 start_Ts = 170150
Jul 19, 2023 19:18:53.597 [OpenH264] this = 0x0x182804e9afd0, Warning:Actual input framerate 24.955082 is different from framerate in setting 60.000000, suggest to use other rate control modes
Jul 19, 2023 19:18:58.627 [OpenH264] this = 0x0x182804e9afd0, Warning:Actual input fLatestFrameRate = 24.642288 is quite different from framerate in setting 60.000000, please check setting or timestamp unit (ms), cur_Ts = 180191 start_Ts = 175159
Jul 19, 2023 19:18:58.627 [OpenH264] this = 0x0x182804e9afd0, Warning:Actual input framerate 24.642288 is different from framerate in setting 60.000000, suggest to use other rate control modes
Jul 19, 2023 19:19:03.634 [OpenH264] this = 0x0x182804e9afd0, Warning:Actual input fLatestFrameRate = 24.965050 is quite different from framerate in setting 60.000000, please check setting or timestamp unit (ms), cur_Ts = 185198 start_Ts = 180191
Jul 19, 2023 19:19:03.634 [OpenH264] this = 0x0x182804e9afd0, Warning:Actual input framerate 24.965050 is different from framerate in setting 60.000000, suggest to use other rate control modes
Jul 19, 2023 19:19:08.678 [OpenH264] this = 0x0x182804e9afd0, Warning:Actual input fLatestFrameRate = 24.428997 is quite different from framerate in setting 60.000000, please check setting or timestamp unit (ms), cur_Ts = 190233 start_Ts = 185198
Jul 19, 2023 19:19:08.678 [OpenH264] this = 0x0x182804e9afd0, Warning:Actual input framerate 24.428997 is different from framerate in setting 60.000000, suggest to use other rate control modes
Jul 19, 2023 19:19:13.674 [OpenH264] this = 0x0x182804e9afd0, Warning:Actual input fLatestFrameRate = 24.775225 is quite different from framerate in setting 60.000000, please check setting or timestamp unit (ms), cur_Ts = 195238 start_Ts = 190233
Jul 19, 2023 19:19:13.675 [OpenH264] this = 0x0x182804e9afd0, Warning:Actual input framerate 24.775225 is different from framerate in setting 60.000000, suggest to use other rate control modes
Jul 19, 2023 19:19:18.674 [OpenH264] this = 0x0x182804e9afd0, Warning:Actual input fLatestFrameRate = 24.395121 is quite different from framerate in setting 60.000000, please check setting or timestamp unit (ms), cur_Ts = 200239 start_Ts = 195238
Jul 19, 2023 19:19:18.674 [OpenH264] this = 0x0x182804e9afd0, Warning:Actual input framerate 24.395121 is different from framerate in setting 60.000000, suggest to use other rate control modes
Jul 19, 2023 19:19:23.688 [OpenH264] this = 0x0x182804e9afd0, Warning:Actual input fLatestFrameRate = 24.960064 is quite different from framerate in setting 60.000000, please check setting or timestamp unit (ms), cur_Ts = 205247 start_Ts = 200239
Jul 19, 2023 19:19:23.688 [OpenH264] this = 0x0x182804e9afd0, Warning:Actual input framerate 24.960064 is different from framerate in setting 60.000000, suggest to use other rate control modes
Jul 19, 2023 19:19:28.720 [OpenH264] this = 0x0x182804e9afd0, Warning:Actual input fLatestFrameRate = 24.637394 is quite different from framerate in setting 60.000000, please check setting or timestamp unit (ms), cur_Ts = 210280 start_Ts = 205247
Jul 19, 2023 19:19:28.720 [OpenH264] this = 0x0x182804e9afd0, Warning:Actual input framerate 24.637394 is different from framerate in setting 60.000000, suggest to use other rate control modes
Jul 19, 2023 19:19:33.729 [OpenH264] this = 0x0x182804e9afd0, Warning:Actual input fLatestFrameRate = 24.725822 is quite different from framerate in setting 60.000000, please check setting or timestamp unit (ms), cur_Ts = 215295 start_Ts = 210280
Jul 19, 2023 19:19:33.729 [OpenH264] this = 0x0x182804e9afd0, Warning:Actual input framerate 24.725822 is different from framerate in setting 60.000000, suggest to use other rate control modes
Jul 19, 2023 19:19:38.741 [OpenH264] this = 0x0x182804e9afd0, Warning:Actual input fLatestFrameRate = 24.755442 is quite different from framerate in setting 60.000000, please check setting or timestamp unit (ms), cur_Ts = 220304 start_Ts = 215295
Jul 19, 2023 19:19:38.741 [OpenH264] this = 0x0x182804e9afd0, Warning:Actual input framerate 24.755442 is different from framerate in setting 60.000000, suggest to use other rate control modes
Jul 19, 2023 19:19:43.772 [OpenH264] this = 0x0x182804e9afd0, Warning:Actual input fLatestFrameRate = 24.880573 is quite different from framerate in setting 60.000000, please check setting or timestamp unit (ms), cur_Ts = 225328 start_Ts = 220304
Jul 19, 2023 19:19:43.772 [OpenH264] this = 0x0x182804e9afd0, Warning:Actual input framerate 24.880573 is different from framerate in setting 60.000000, suggest to use other rate control modes
Jul 19, 2023 19:19:48.790 [OpenH264] this = 0x0x182804e9afd0, Warning:Actual input fLatestFrameRate = 24.915287 is quite different from framerate in setting 60.000000, please check setting or timestamp unit (ms), cur_Ts = 230345 start_Ts = 225328
Jul 19, 2023 19:19:48.790 [OpenH264] this = 0x0x182804e9afd0, Warning:Actual input framerate 24.915287 is different from framerate in setting 60.000000, suggest to use other rate control modes
Jul 19, 2023 19:19:53.833 [OpenH264] this = 0x0x182804e9afd0, Warning:Actual input fLatestFrameRate = 24.811432 is quite different from framerate in setting 60.000000, please check setting or timestamp unit (ms), cur_Ts = 235383 start_Ts = 230345
Jul 19, 2023 19:19:53.833 [OpenH264] this = 0x0x182804e9afd0, Warning:Actual input framerate 24.811432 is different from framerate in setting 60.000000, suggest to use other rate control modes
Jul 19, 2023 19:19:58.827 [OpenH264] this = 0x0x182804e9afd0, Warning:Actual input fLatestFrameRate = 24.985010 is quite different from framerate in setting 60.000000, please check setting or timestamp unit (ms), cur_Ts = 240386 start_Ts = 235383
Jul 19, 2023 19:19:58.827 [OpenH264] this = 0x0x182804e9afd0, Warning:Actual input framerate 24.985010 is different from framerate in setting 60.000000, suggest to use other rate control modes
Jul 19, 2023 19:20:03.849 [OpenH264] this = 0x0x182804e9afd0, Warning:Actual input fLatestFrameRate = 24.925224 is quite different from framerate in setting 60.000000, please check setting or timestamp unit (ms), cur_Ts = 245401 start_Ts = 240386
Jul 19, 2023 19:20:03.849 [OpenH264] this = 0x0x182804e9afd0, Warning:Actual input framerate 24.925224 is different from framerate in setting 60.000000, suggest to use other rate control modes
Jul 19, 2023 19:20:08.891 [OpenH264] this = 0x0x182804e9afd0, Warning:Actual input fLatestFrameRate = 24.945120 is quite different from framerate in setting 60.000000, please check setting or timestamp unit (ms), cur_Ts = 250412 start_Ts = 245401
Jul 19, 2023 19:20:08.891 [OpenH264] this = 0x0x182804e9afd0, Warning:Actual input framerate 24.945120 is different from framerate in setting 60.000000, suggest to use other rate control modes
Jul 19, 2023 19:20:13.877 [OpenH264] this = 0x0x182804e9afd0, Warning:Actual input fLatestFrameRate = 24.565609 is quite different from framerate in setting 60.000000, please check setting or timestamp unit (ms), cur_Ts = 255419 start_Ts = 250412
Jul 19, 2023 19:20:13.878 [OpenH264] this = 0x0x182804e9afd0, Warning:Actual input framerate 24.565609 is different from framerate in setting 60.000000, suggest to use other rate control modes
Jul 19, 2023 19:20:18.942 [OpenH264] this = 0x0x182804e9afd0, Warning:Actual input fLatestFrameRate = 24.404762 is quite different from framerate in setting 60.000000, please check setting or timestamp unit (ms), cur_Ts = 260459 start_Ts = 255419
Jul 19, 2023 19:20:18.943 [OpenH264] this = 0x0x182804e9afd0, Warning:Actual input framerate 24.404762 is different from framerate in setting 60.000000, suggest to use other rate control modes
Jul 19, 2023 19:20:23.920 [OpenH264] this = 0x0x182804e9afd0, Warning:Actual input fLatestFrameRate = 24.750498 is quite different from framerate in setting 60.000000, please check setting or timestamp unit (ms), cur_Ts = 265469 start_Ts = 260459
Jul 19, 2023 19:20:23.920 [OpenH264] this = 0x0x182804e9afd0, Warning:Actual input framerate 24.750498 is different from framerate in setting 60.000000, suggest to use other rate control modes
Jul 19, 2023 19:20:28.938 [OpenH264] this = 0x0x182804e9afd0, Warning:Actual input fLatestFrameRate = 24.860781 is quite different from framerate in setting 60.000000, please check setting or timestamp unit (ms), cur_Ts = 270497 start_Ts = 265469
Jul 19, 2023 19:20:28.938 [OpenH264] this = 0x0x182804e9afd0, Warning:Actual input framerate 24.860781 is different from framerate in setting 60.000000, suggest to use other rate control modes
Jul 19, 2023 19:20:33.930 [OpenH264] this = 0x0x182804e9afd0, Warning:Actual input fLatestFrameRate = 24.570515 is quite different from framerate in setting 60.000000, please check setting or timestamp unit (ms), cur_Ts = 275503 start_Ts = 270497
Jul 19, 2023 19:20:33.930 [OpenH264] this = 0x0x182804e9afd0, Warning:Actual input framerate 24.570515 is different from framerate in setting 60.000000, suggest to use other rate control modes
Jul 19, 2023 19:20:38.963 [OpenH264] this = 0x0x182804e9afd0, Warning:Actual input fLatestFrameRate = 24.482483 is quite different from framerate in setting 60.000000, please check setting or timestamp unit (ms), cur_Ts = 280527 start_Ts = 275503
Jul 19, 2023 19:20:38.963 [OpenH264] this = 0x0x182804e9afd0, Warning:Actual input framerate 24.482483 is different from framerate in setting 60.000000, suggest to use other rate control modes
Jul 19, 2023 19:20:44.14 [OpenH264] this = 0x0x182804e9afd0, Warning:Actual input fLatestFrameRate = 24.831148 is quite different from framerate in setting 60.000000, please check setting or timestamp unit (ms), cur_Ts = 285561 start_Ts = 280527
Jul 19, 2023 19:20:44.14 [OpenH264] this = 0x0x182804e9afd0, Warning:Actual input framerate 24.831148 is different from framerate in setting 60.000000, suggest to use other rate control modes
Jul 19, 2023 19:20:49.05 [OpenH264] this = 0x0x182804e9afd0, Warning:Actual input fLatestFrameRate = 24.975025 is quite different from framerate in setting 60.000000, please check setting or timestamp unit (ms), cur_Ts = 290566 start_Ts = 285561
Jul 19, 2023 19:20:49.05 [OpenH264] this = 0x0x182804e9afd0, Warning:Actual input framerate 24.975025 is different from framerate in setting 60.000000, suggest to use other rate control modes
Jul 19, 2023 19:20:54.05 [OpenH264] this = 0x0x182804e9afd0, Warning:Actual input fLatestFrameRate = 25.000000 is quite different from framerate in setting 60.000000, please check setting or timestamp unit (ms), cur_Ts = 295566 start_Ts = 290566
Jul 19, 2023 19:20:54.05 [OpenH264] this = 0x0x182804e9afd0, Warning:Actual input framerate 25.000000 is different from framerate in setting 60.000000, suggest to use other rate control modes
Jul 19, 2023 19:20:59.20 [OpenH264] this = 0x0x182804e9afd0, Warning:Actual input fLatestFrameRate = 24.915287 is quite different from framerate in setting 60.000000, please check setting or timestamp unit (ms), cur_Ts = 300583 start_Ts = 295566
Jul 19, 2023 19:20:59.20 [OpenH264] this = 0x0x182804e9afd0, Warning:Actual input framerate 24.915287 is different from framerate in setting 60.000000, suggest to use other rate control modes
Jul 19, 2023 19:21:04.76 [OpenH264] this = 0x0x182804e9afd0, Warning:Actual input fLatestFrameRate = 24.740622 is quite different from framerate in setting 60.000000, please check setting or timestamp unit (ms), cur_Ts = 305595 start_Ts = 300583
Jul 19, 2023 19:21:04.77 [OpenH264] this = 0x0x182804e9afd0, Warning:Actual input framerate 24.740622 is different from framerate in setting 60.000000, suggest to use other rate control modes
Jul 19, 2023 19:21:09.63 [OpenH264] this = 0x0x182804e9afd0, Warning:Actual input fLatestFrameRate = 24.860781 is quite different from framerate in setting 60.000000, please check setting or timestamp unit (ms), cur_Ts = 310623 start_Ts = 305595
Jul 19, 2023 19:21:09.63 [OpenH264] this = 0x0x182804e9afd0, Warning:Actual input framerate 24.860781 is different from framerate in setting 60.000000, suggest to use other rate control modes
Jul 19, 2023 19:21:14.94 [OpenH264] this = 0x0x182804e9afd0, Warning:Actual input fLatestFrameRate = 24.841017 is quite different from framerate in setting 60.000000, please check setting or timestamp unit (ms), cur_Ts = 315655 start_Ts = 310623
Jul 19, 2023 19:21:14.95 [OpenH264] this = 0x0x182804e9afd0, Warning:Actual input framerate 24.841017 is different from framerate in setting 60.000000, suggest to use other rate control modes
Jul 19, 2023 19:21:19.88 [OpenH264] this = 0x0x182804e9afd0, Warning:Actual input fLatestFrameRate = 25.000000 is quite different from framerate in setting 60.000000, please check setting or timestamp unit (ms), cur_Ts = 320655 start_Ts = 315655
Jul 19, 2023 19:21:19.88 [OpenH264] this = 0x0x182804e9afd0, Warning:Actual input framerate 25.000000 is different from framerate in setting 60.000000, suggest to use other rate control modes
Jul 19, 2023 19:27:13.08 [OpenH264] this = 0x0x182804e9afd0, Warning:Actual input fLatestFrameRate = 0.341898 is quite different from framerate in setting 60.000000, please check setting or timestamp unit (ms), cur_Ts = 674562 start_Ts = 320655
Jul 19, 2023 19:27:13.09 [OpenH264] this = 0x0x182804e9afd0, Warning:Actual input framerate 0.341898 is different from framerate in setting 60.000000, suggest to use other rate control modes
Jul 19, 2023 19:27:18.26 [OpenH264] this = 0x0x182804e9afd0, Warning:Actual input fLatestFrameRate = 24.463007 is quite different from framerate in setting 60.000000, please check setting or timestamp unit (ms), cur_Ts = 679590 start_Ts = 674562
Jul 19, 2023 19:27:18.26 [OpenH264] this = 0x0x182804e9afd0, Warning:Actual input framerate 24.463007 is different from framerate in setting 60.000000, suggest to use other rate control modes
Jul 19, 2023 19:27:23.111 [OpenH264] this = 0x0x182804e9afd0, Warning:Actual input fLatestFrameRate = 24.725822 is quite different from framerate in setting 60.000000, please check setting or timestamp unit (ms), cur_Ts = 684605 start_Ts = 679590
Jul 19, 2023 19:27:23.111 [OpenH264] this = 0x0x182804e9afd0, Warning:Actual input framerate 24.725822 is different from framerate in setting 60.000000, suggest to use other rate control modes
Jul 19, 2023 19:27:28.78 [OpenH264] this = 0x0x182804e9afd0, Warning:Actual input fLatestFrameRate = 25.014889 is quite different from framerate in setting 60.000000, please check setting or timestamp unit (ms), cur_Ts = 689642 start_Ts = 684605
Jul 19, 2023 19:27:28.78 [OpenH264] this = 0x0x182804e9afd0, Warning:Actual input framerate 25.014889 is different from framerate in setting 60.000000, suggest to use other rate control modes
Jul 19, 2023 19:27:33.112 [OpenH264] this = 0x0x182804e9afd0, Warning:Actual input fLatestFrameRate = 25.014889 is quite different from framerate in setting 60.000000, please check setting or timestamp unit (ms), cur_Ts = 694679 start_Ts = 689642
Jul 19, 2023 19:27:33.113 [OpenH264] this = 0x0x182804e9afd0, Warning:Actual input framerate 25.014889 is different from framerate in setting 60.000000, suggest to use other rate control modes
Jul 19, 2023 19:27:38.130 [OpenH264] this = 0x0x182804e9afd0, Warning:Actual input fLatestFrameRate = 24.920256 is quite different from framerate in setting 60.000000, please check setting or timestamp unit (ms), cur_Ts = 699695 start_Ts = 694679
Jul 19, 2023 19:27:38.130 [OpenH264] this = 0x0x182804e9afd0, Warning:Actual input framerate 24.920256 is different from framerate in setting 60.000000, suggest to use other rate control modes
Jul 19, 2023 19:27:43.130 [OpenH264] this = 0x0x182804e9afd0, Warning:Actual input fLatestFrameRate = 25.000000 is quite different from framerate in setting 60.000000, please check setting or timestamp unit (ms), cur_Ts = 704695 start_Ts = 699695
Jul 19, 2023 19:27:43.130 [OpenH264] this = 0x0x182804e9afd0, Warning:Actual input framerate 25.000000 is different from framerate in setting 60.000000, suggest to use other rate control modes
Jul 19, 2023 19:27:48.135 [OpenH264] this = 0x0x182804e9afd0, Warning:Actual input fLatestFrameRate = 25.000000 is quite different from framerate in setting 60.000000, please check setting or timestamp unit (ms), cur_Ts = 709695 start_Ts = 704695
Jul 19, 2023 19:27:48.135 [OpenH264] this = 0x0x182804e9afd0, Warning:Actual input framerate 25.000000 is different from framerate in setting 60.000000, suggest to use other rate control modes
Jul 19, 2023 19:27:53.140 [OpenH264] this = 0x0x182804e9afd0, Warning:Actual input fLatestFrameRate = 24.795042 is quite different from framerate in setting 60.000000, please check setting or timestamp unit (ms), cur_Ts = 714696 start_Ts = 709695
Jul 19, 2023 19:27:53.140 [OpenH264] this = 0x0x182804e9afd0, Warning:Actual input framerate 24.795042 is different from framerate in setting 60.000000, suggest to use other rate control modes
Jul 19, 2023 19:27:58.171 [OpenH264] this = 0x0x182804e9afd0, Warning:Actual input fLatestFrameRate = 24.745560 is quite different from framerate in setting 60.000000, please check setting or timestamp unit (ms), cur_Ts = 719707 start_Ts = 714696
Jul 19, 2023 19:27:58.172 [OpenH264] this = 0x0x182804e9afd0, Warning:Actual input framerate 24.745560 is different from framerate in setting 60.000000, suggest to use other rate control modes
Jul 19, 2023 19:28:03.154 [OpenH264] this = 0x0x182804e9afd0, Warning:Actual input fLatestFrameRate = 24.945120 is quite different from framerate in setting 60.000000, please check setting or timestamp unit (ms), cur_Ts = 724718 start_Ts = 719707
Jul 19, 2023 19:28:03.154 [OpenH264] this = 0x0x182804e9afd0, Warning:Actual input framerate 24.945120 is different from framerate in setting 60.000000, suggest to use other rate control modes
Jul 19, 2023 19:28:08.164 [OpenH264] this = 0x0x182804e9afd0, Warning:Actual input fLatestFrameRate = 24.955082 is quite different from framerate in setting 60.000000, please check setting or timestamp unit (ms), cur_Ts = 729727 start_Ts = 724718
Jul 19, 2023 19:28:08.164 [OpenH264] this = 0x0x182804e9afd0, Warning:Actual input framerate 24.955082 is different from framerate in setting 60.000000, suggest to use other rate control modes
Jul 19, 2023 19:28:13.180 [OpenH264] this = 0x0x182804e9afd0, Warning:Actual input fLatestFrameRate = 24.799999 is quite different from framerate in setting 60.000000, please check setting or timestamp unit (ms), cur_Ts = 734727 start_Ts = 729727
Jul 19, 2023 19:28:13.180 [OpenH264] this = 0x0x182804e9afd0, Warning:Actual input framerate 24.799999 is different from framerate in setting 60.000000, suggest to use other rate control modes
Jul 19, 2023 19:28:18.166 [OpenH264] this = 0x0x182804e9afd0, Warning:Actual input fLatestFrameRate = 25.000000 is quite different from framerate in setting 60.000000, please check setting or timestamp unit (ms), cur_Ts = 739727 start_Ts = 734727
Jul 19, 2023 19:28:18.166 [OpenH264] this = 0x0x182804e9afd0, Warning:Actual input framerate 25.000000 is different from framerate in setting 60.000000, suggest to use other rate control modes
Jul 19, 2023 19:28:23.154 [OpenH264] this = 0x0x182804e9afd0, Warning:Actual input fLatestFrameRate = 24.400000 is quite different from framerate in setting 60.000000, please check setting or timestamp unit (ms), cur_Ts = 744727 start_Ts = 739727
Jul 19, 2023 19:28:23.154 [OpenH264] this = 0x0x182804e9afd0, Warning:Actual input framerate 24.400000 is different from framerate in setting 60.000000, suggest to use other rate control modes
Jul 19, 2023 19:28:28.185 [OpenH264] this = 0x0x182804e9afd0, Warning:Actual input fLatestFrameRate = 24.880573 is quite different from framerate in setting 60.000000, please check setting or timestamp unit (ms), cur_Ts = 749751 start_Ts = 744727
Jul 19, 2023 19:28:28.185 [OpenH264] this = 0x0x182804e9afd0, Warning:Actual input framerate 24.880573 is different from framerate in setting 60.000000, suggest to use other rate control modes
Jul 19, 2023 19:28:33.220 [OpenH264] this = 0x0x182804e9afd0, Warning:Actual input fLatestFrameRate = 24.975025 is quite different from framerate in setting 60.000000, please check setting or timestamp unit (ms), cur_Ts = 754756 start_Ts = 749751
Jul 19, 2023 19:28:33.220 [OpenH264] this = 0x0x182804e9afd0, Warning:Actual input framerate 24.975025 is different from framerate in setting 60.000000, suggest to use other rate control modes
Jul 19, 2023 19:28:38.242 [OpenH264] this = 0x0x182804e9afd0, Warning:Actual input fLatestFrameRate = 25.000000 is quite different from framerate in setting 60.000000, please check setting or timestamp unit (ms), cur_Ts = 759796 start_Ts = 754756
Jul 19, 2023 19:28:38.242 [OpenH264] this = 0x0x182804e9afd0, Warning:Actual input framerate 25.000000 is different from framerate in setting 60.000000, suggest to use other rate control modes
Jul 19, 2023 19:28:43.265 [OpenH264] this = 0x0x182804e9afd0, Warning:Actual input fLatestFrameRate = 25.024826 is quite different from framerate in setting 60.000000, please check setting or timestamp unit (ms), cur_Ts = 764831 start_Ts = 759796
Jul 19, 2023 19:28:43.265 [OpenH264] this = 0x0x182804e9afd0, Warning:Actual input framerate 25.024826 is different from framerate in setting 60.000000, suggest to use other rate control modes
Jul 19, 2023 19:28:48.321 [OpenH264] this = 0x0x182804e9afd0, Warning:Actual input fLatestFrameRate = 24.990084 is quite different from framerate in setting 60.000000, please check setting or timestamp unit (ms), cur_Ts = 769873 start_Ts = 764831
Jul 19, 2023 19:28:48.321 [OpenH264] this = 0x0x182804e9afd0, Warning:Actual input framerate 24.990084 is different from framerate in setting 60.000000, suggest to use other rate control modes
Jul 19, 2023 19:28:53.407 [OpenH264] this = 0x0x182804e9afd0, Warning:Actual input fLatestFrameRate = 24.419296 is quite different from framerate in setting 60.000000, please check setting or timestamp unit (ms), cur_Ts = 774910 start_Ts = 769873
Jul 19, 2023 19:28:53.407 [OpenH264] this = 0x0x182804e9afd0, Warning:Actual input framerate 24.419296 is different from framerate in setting 60.000000, suggest to use other rate control modes
Jul 19, 2023 19:28:58.370 [OpenH264] this = 0x0x182804e9afd0, Warning:Actual input fLatestFrameRate = 24.637394 is quite different from framerate in setting 60.000000, please check setting or timestamp unit (ms), cur_Ts = 779943 start_Ts = 774910
Jul 19, 2023 19:28:58.370 [OpenH264] this = 0x0x182804e9afd0, Warning:Actual input framerate 24.637394 is different from framerate in setting 60.000000, suggest to use other rate control modes
Jul 19, 2023 19:29:03.402 [OpenH264] this = 0x0x182804e9afd0, Warning:Actual input fLatestFrameRate = 24.885529 is quite different from framerate in setting 60.000000, please check setting or timestamp unit (ms), cur_Ts = 784966 start_Ts = 779943
Jul 19, 2023 19:29:03.402 [OpenH264] this = 0x0x182804e9afd0, Warning:Actual input framerate 24.885529 is different from framerate in setting 60.000000, suggest to use other rate control modes
Jul 19, 2023 19:29:08.429 [OpenH264] this = 0x0x182804e9afd0, Warning:Actual input fLatestFrameRate = 24.900398 is quite different from framerate in setting 60.000000, please check setting or timestamp unit (ms), cur_Ts = 789986 start_Ts = 784966
Jul 19, 2023 19:29:08.430 [OpenH264] this = 0x0x182804e9afd0, Warning:Actual input framerate 24.900398 is different from framerate in setting 60.000000, suggest to use other rate control modes
Jul 19, 2023 19:29:13.461 [OpenH264] this = 0x0x182804e9afd0, Warning:Actual input fLatestFrameRate = 25.014889 is quite different from framerate in setting 60.000000, please check setting or timestamp unit (ms), cur_Ts = 795023 start_Ts = 789986
Jul 19, 2023 19:29:13.461 [OpenH264] this = 0x0x182804e9afd0, Warning:Actual input framerate 25.014889 is different from framerate in setting 60.000000, suggest to use other rate control modes
Jul 19, 2023 19:29:18.458 [OpenH264] this = 0x0x182804e9afd0, Warning:Actual input fLatestFrameRate = 24.995001 is quite different from framerate in setting 60.000000, please check setting or timestamp unit (ms), cur_Ts = 800024 start_Ts = 795023
Jul 19, 2023 19:29:18.458 [OpenH264] this = 0x0x182804e9afd0, Warning:Actual input framerate 24.995001 is different from framerate in setting 60.000000, suggest to use other rate control modes
Jul 19, 2023 19:29:23.564 [OpenH264] this = 0x0x182804e9afd0, Warning:Actual input fLatestFrameRate = 24.945120 is quite different from framerate in setting 60.000000, please check setting or timestamp unit (ms), cur_Ts = 805035 start_Ts = 800024
Jul 19, 2023 19:29:23.564 [OpenH264] this = 0x0x182804e9afd0, Warning:Actual input framerate 24.945120 is different from framerate in setting 60.000000, suggest to use other rate control modes
Jul 19, 2023 19:29:28.518 [OpenH264] this = 0x0x182804e9afd0, Warning:Actual input fLatestFrameRate = 24.612942 is quite different from framerate in setting 60.000000, please check setting or timestamp unit (ms), cur_Ts = 810073 start_Ts = 805035
Jul 19, 2023 19:29:28.518 [OpenH264] this = 0x0x182804e9afd0, Warning:Actual input framerate 24.612942 is different from framerate in setting 60.000000, suggest to use other rate control modes
Jul 19, 2023 19:29:33.549 [OpenH264] this = 0x0x182804e9afd0, Warning:Actual input fLatestFrameRate = 25.009924 is quite different from framerate in setting 60.000000, please check setting or timestamp unit (ms), cur_Ts = 815111 start_Ts = 810073
Jul 19, 2023 19:29:33.549 [OpenH264] this = 0x0x182804e9afd0, Warning:Actual input framerate 25.009924 is different from framerate in setting 60.000000, suggest to use other rate control modes
Jul 19, 2023 19:29:38.587 [OpenH264] this = 0x0x182804e9afd0, Warning:Actual input fLatestFrameRate = 24.501991 is quite different from framerate in setting 60.000000, please check setting or timestamp unit (ms), cur_Ts = 820131 start_Ts = 815111
Jul 19, 2023 19:29:38.588 [OpenH264] this = 0x0x182804e9afd0, Warning:Actual input framerate 24.501991 is different from framerate in setting 60.000000, suggest to use other rate control modes
Jul 19, 2023 19:29:43.583 [OpenH264] this = 0x0x182804e9afd0, Warning:Actual input fLatestFrameRate = 24.905359 is quite different from framerate in setting 60.000000, please check setting or timestamp unit (ms), cur_Ts = 825150 start_Ts = 820131
Jul 19, 2023 19:29:43.584 [OpenH264] this = 0x0x182804e9afd0, Warning:Actual input framerate 24.905359 is different from framerate in setting 60.000000, suggest to use other rate control modes
Jul 19, 2023 19:29:48.620 [OpenH264] this = 0x0x182804e9afd0, Warning:Actual input fLatestFrameRate = 24.836082 is quite different from framerate in setting 60.000000, please check setting or timestamp unit (ms), cur_Ts = 830183 start_Ts = 825150
Jul 19, 2023 19:29:48.620 [OpenH264] this = 0x0x182804e9afd0, Warning:Actual input framerate 24.836082 is different from framerate in setting 60.000000, suggest to use other rate control modes
Jul 19, 2023 19:29:53.641 [OpenH264] this = 0x0x182804e9afd0, Warning:Actual input fLatestFrameRate = 24.990005 is quite different from framerate in setting 60.000000, please check setting or timestamp unit (ms), cur_Ts = 835185 start_Ts = 830183
Jul 19, 2023 19:29:53.641 [OpenH264] this = 0x0x182804e9afd0, Warning:Actual input framerate 24.990005 is different from framerate in setting 60.000000, suggest to use other rate control modes
Jul 19, 2023 19:29:58.625 [OpenH264] this = 0x0x182804e9afd0, Warning:Actual input fLatestFrameRate = 24.970036 is quite different from framerate in setting 60.000000, please check setting or timestamp unit (ms), cur_Ts = 840191 start_Ts = 835185
Jul 19, 2023 19:29:58.625 [OpenH264] this = 0x0x182804e9afd0, Warning:Actual input framerate 24.970036 is different from framerate in setting 60.000000, suggest to use other rate control modes
Jul 19, 2023 19:35:22.838 [7621:7652:0719/193522.838475:ERROR:cert_verify_proc_builtin.cc(701)] CertVerifyProcBuiltin for tutorial-academy.com failed:
Jul 19, 2023 19:35:22.968 ----- Certificate i=0 (CN=tutorial-academy.com) -----
Jul 19, 2023 19:35:22.969 ERROR: Time is after notAfter
Jul 19, 2023 19:35:22.969 
Jul 19, 2023 19:35:22.969 
Jul 19, 2023 19:35:22.969 [7671:7677:0719/193522.840409:ERROR:ssl_client_socket_impl.cc(980)] handshake failed; returned -1, SSL error code 1, net_error -201
Jul 19, 2023 19:35:22.969 [7671:7677:0719/193522.946578:ERROR:ssl_client_socket_impl.cc(980)] handshake failed; returned -1, SSL error code 1, net_error -201
Jul 19, 2023 19:35:41.877 [7671:7677:0719/193541.876564:ERROR:ssl_client_socket_impl.cc(980)] handshake failed; returned -1, SSL error code 1, net_error -101
Jul 19, 2023 19:35:42.03 [7671:7677:0719/193541.996323:ERROR:ssl_client_socket_impl.cc(980)] handshake failed; returned -1, SSL error code 1, net_error -101
Jul 19, 2023 19:35:56.176 [7671:7677:0719/193556.175723:ERROR:ssl_client_socket_impl.cc(980)] handshake failed; returned -1, SSL error code 1, net_error -100
Jul 19, 2023 19:35:56.617 [7671:7677:0719/193556.617691:ERROR:ssl_client_socket_impl.cc(980)] handshake failed; returned -1, SSL error code 1, net_error -101
Jul 19, 2023 19:36:21.713 [7670:7670:0719/193621.713195:ERROR:shared_image_manager.cc(217)] SharedImageManager::ProduceSkia: Trying to Produce a Skia representation from a non-existent mailbox.
Jul 19, 2023 19:36:21.713 [7670:7670:0719/193621.713517:ERROR:shared_image_manager.cc(217)] SharedImageManager::ProduceSkia: Trying to Produce a Skia representation from a non-existent mailbox.

Jul 19, 2023 20:44:29.674 NEW SESSION
Jul 19, 2023 20:44:29.675 Opening in existing browser session.
Jul 19, 2023 20:44:31.757 MESA-INTEL: warning: Performance support disabled, consider sysctl dev.i915.perf_stream_paranoid=0
Jul 19, 2023 20:44:31.757 
Jul 19, 2023 21:06:22.624 Opening in existing browser session.
Jul 19, 2023 21:06:23.181 MESA-INTEL: warning: Performance support disabled, consider sysctl dev.i915.perf_stream_paranoid=0
Jul 19, 2023 21:06:23.181 
Jul 19, 2023 21:07:38.976 Opening in existing browser session.
Jul 19, 2023 21:07:39.501 MESA-INTEL: warning: Performance support disabled, consider sysctl dev.i915.perf_stream_paranoid=0
Jul 19, 2023 21:07:39.501 
Jul 19, 2023 21:09:03.464 Opening in existing browser session.
Jul 19, 2023 21:09:03.979 MESA-INTEL: warning: Performance support disabled, consider sysctl dev.i915.perf_stream_paranoid=0
Jul 19, 2023 21:09:03.979 
Jul 19, 2023 21:21:26.525 Opening in existing browser session.
Jul 19, 2023 21:21:27.39 MESA-INTEL: warning: Performance support disabled, consider sysctl dev.i915.perf_stream_paranoid=0
Jul 19, 2023 21:21:27.39 
Jul 19, 2023 21:30:01.310 Opening in existing browser session.
Jul 19, 2023 21:30:01.883 MESA-INTEL: warning: Performance support disabled, consider sysctl dev.i915.perf_stream_paranoid=0
Jul 19, 2023 21:30:01.883 
Jul 19, 2023 21:38:34.705 Opening in existing browser session.
Jul 19, 2023 21:38:35.380 MESA-INTEL: warning: Performance support disabled, consider sysctl dev.i915.perf_stream_paranoid=0
Jul 19, 2023 21:38:35.380 
Jul 19, 2023 21:41:00.912 Opening in existing browser session.
Jul 19, 2023 21:41:01.469 MESA-INTEL: warning: Performance support disabled, consider sysctl dev.i915.perf_stream_paranoid=0
Jul 19, 2023 21:41:01.469 
Jul 19, 2023 21:43:45.15 Opening in existing browser session.
Jul 19, 2023 21:43:45.543 MESA-INTEL: warning: Performance support disabled, consider sysctl dev.i915.perf_stream_paranoid=0
Jul 19, 2023 21:43:45.543 

Jul 26, 2023 10:53:59.846 NEW SESSION
Jul 26, 2023 10:53:59.846 Opening in existing browser session.
Jul 26, 2023 10:54:01.291 MESA-INTEL: warning: Performance support disabled, consider sysctl dev.i915.perf_stream_paranoid=0
Jul 26, 2023 10:54:01.291 

Aug 01, 2023 08:29:52.518 NEW SESSION
Aug 01, 2023 08:29:52.518 Opening in existing browser session.
Aug 01, 2023 08:29:53.929 MESA-INTEL: warning: Performance support disabled, consider sysctl dev.i915.perf_stream_paranoid=0
Aug 01, 2023 08:29:53.929 
